  Source.cpp
C:\Users\rocke\OneDrive\Desktop\PingPongGame_aas2213214\PingPongGame_aas2213214\Source.cpp(29,18): warning C4244: '=': conversion from 'double' to 'int', possible loss of data
C:\Users\rocke\OneDrive\Desktop\PingPongGame_aas2213214\PingPongGame_aas2213214\Source.cpp(30,18): warning C4244: '=': conversion from 'double' to 'int', possible loss of data
C:\Users\rocke\OneDrive\Desktop\PingPongGame_aas2213214\PingPongGame_aas2213214\Source.cpp(81,26): warning C4244: 'argument': conversion from 'float' to 'int', possible loss of data
C:\Users\rocke\OneDrive\Desktop\PingPongGame_aas2213214\PingPongGame_aas2213214\Source.cpp(81,20): warning C4244: 'argument': conversion from 'float' to 'int', possible loss of data
C:\Users\rocke\OneDrive\Desktop\PingPongGame_aas2213214\PingPongGame_aas2213214\Source.cpp(106,42): warning C4244: 'argument': conversion from 'float' to 'int', possible loss of data
C:\Users\rocke\OneDrive\Desktop\PingPongGame_aas2213214\PingPongGame_aas2213214\Source.cpp(106,35): warning C4244: 'argument': conversion from 'float' to 'int', possible loss of data
C:\Users\rocke\OneDrive\Desktop\PingPongGame_aas2213214\PingPongGame_aas2213214\Source.cpp(106,29): warning C4244: 'argument': conversion from 'float' to 'int', possible loss of data
C:\Users\rocke\OneDrive\Desktop\PingPongGame_aas2213214\PingPongGame_aas2213214\Source.cpp(106,23): warning C4244: 'argument': conversion from 'float' to 'int', possible loss of data
C:\Users\rocke\OneDrive\Desktop\PingPongGame_aas2213214\PingPongGame_aas2213214\Source.cpp(133,21): warning C4244: '-=': conversion from 'double' to 'float', possible loss of data
C:\Users\rocke\OneDrive\Desktop\PingPongGame_aas2213214\PingPongGame_aas2213214\Source.cpp(138,21): warning C4244: '+=': conversion from 'double' to 'float', possible loss of data
C:\Users\rocke\OneDrive\Desktop\PingPongGame_aas2213214\PingPongGame_aas2213214\Source.cpp(159,42): warning C4244: 'argument': conversion from 'float' to 'int', possible loss of data
C:\Users\rocke\OneDrive\Desktop\PingPongGame_aas2213214\PingPongGame_aas2213214\Source.cpp(159,35): warning C4244: 'argument': conversion from 'float' to 'int', possible loss of data
C:\Users\rocke\OneDrive\Desktop\PingPongGame_aas2213214\PingPongGame_aas2213214\Source.cpp(159,29): warning C4244: 'argument': conversion from 'float' to 'int', possible loss of data
C:\Users\rocke\OneDrive\Desktop\PingPongGame_aas2213214\PingPongGame_aas2213214\Source.cpp(159,23): warning C4244: 'argument': conversion from 'float' to 'int', possible loss of data
C:\Users\rocke\OneDrive\Desktop\PingPongGame_aas2213214\PingPongGame_aas2213214\Source.cpp(176,21): warning C4244: '-=': conversion from 'double' to 'float', possible loss of data
C:\Users\rocke\OneDrive\Desktop\PingPongGame_aas2213214\PingPongGame_aas2213214\Source.cpp(181,21): warning C4244: '+=': conversion from 'double' to 'float', possible loss of data
  PingPongGame_aas2213214.vcxproj -> C:\Users\rocke\OneDrive\Desktop\PingPongGame_aas2213214\x64\Debug\PingPongGame_aas2213214.exe
  'pwsh.exe' is not recognized as an internal or external command,
  operable program or batch file.
